{"C:\\Users\\Hello\\OneDrive\\Desktop\\k8s-demo\\dist\\src\\config\\logger.js": {"path":"C:\\Users\\Hello\\OneDrive\\Desktop\\k8s-demo\\dist\\src\\config\\logger.js","statementMap":{"0":{"start":{"line":3,"column":22},"end":{"line":13,"column":2}},"1":{"start":{"line":14,"column":0},"end":{"line":18,"column":1}},"2":{"start":{"line":15,"column":4},"end":{"line":17,"column":8}}},"fnMap":{},"branchMap":{"0":{"loc":{"start":{"line":4,"column":11},"end":{"line":4,"column":42}},"type":"binary-expr","locations":[{"start":{"line":4,"column":11},"end":{"line":4,"column":32}},{"start":{"line":4,"column":36},"end":{"line":4,"column":42}}],"line":4},"1":{"loc":{"start":{"line":14,"column":0},"end":{"line":18,"column":1}},"type":"if","locations":[{"start":{"line":14,"column":0},"end":{"line":18,"column":1}},{"start":{},"end":{}}],"line":14}},"s":{"0":1,"1":1,"2":1},"f":{},"b":{"0":[1,0],"1":[1,0]},"inputSourceMap":null,"_coverageSchema":"1a1c01bbd47fc00a2c39e90264f33305004495a9","hash":"ccd978ffeda05491cfcb505d7a1356dfbbc4e3de"}
,"C:\\Users\\Hello\\OneDrive\\Desktop\\k8s-demo\\dist\\src\\controller\\auth.controller.js": {"path":"C:\\Users\\Hello\\OneDrive\\Desktop\\k8s-demo\\dist\\src\\controller\\auth.controller.js","statementMap":{"0":{"start":{"line":5,"column":4},"end":{"line":20,"column":5}},"1":{"start":{"line":6,"column":32},"end":{"line":6,"column":64}},"2":{"start":{"line":7,"column":8},"end":{"line":12,"column":9}},"3":{"start":{"line":8,"column":12},"end":{"line":11,"column":15}},"4":{"start":{"line":13,"column":38},"end":{"line":13,"column":58}},"5":{"start":{"line":14,"column":8},"end":{"line":14,"column":69}},"6":{"start":{"line":15,"column":8},"end":{"line":15,"column":73}},"7":{"start":{"line":18,"column":8},"end":{"line":18,"column":45}},"8":{"start":{"line":19,"column":8},"end":{"line":19,"column":67}},"9":{"start":{"line":23,"column":4},"end":{"line":29,"column":5}},"10":{"start":{"line":24,"column":8},"end":{"line":24,"column":73}},"11":{"start":{"line":27,"column":8},"end":{"line":27,"column":45}},"12":{"start":{"line":28,"column":8},"end":{"line":28,"column":67}},"13":{"start":{"line":32,"column":4},"end":{"line":38,"column":5}},"14":{"start":{"line":33,"column":8},"end":{"line":33,"column":74}},"15":{"start":{"line":36,"column":8},"end":{"line":36,"column":46}},"16":{"start":{"line":37,"column":8},"end":{"line":37,"column":67}},"17":{"start":{"line":41,"column":4},"end":{"line":41,"column":17}}},"fnMap":{"0":{"name":"signup","decl":{"start":{"line":4,"column":16},"end":{"line":4,"column":22}},"loc":{"start":{"line":4,"column":39},"end":{"line":21,"column":1}},"line":4},"1":{"name":"signin","decl":{"start":{"line":22,"column":16},"end":{"line":22,"column":22}},"loc":{"start":{"line":22,"column":39},"end":{"line":30,"column":1}},"line":22},"2":{"name":"signout","decl":{"start":{"line":31,"column":16},"end":{"line":31,"column":23}},"loc":{"start":{"line":31,"column":40},"end":{"line":39,"column":1}},"line":31},"3":{"name":"sum","decl":{"start":{"line":40,"column":16},"end":{"line":40,"column":19}},"loc":{"start":{"line":40,"column":26},"end":{"line":42,"column":1}},"line":40}},"branchMap":{"0":{"loc":{"start":{"line":7,"column":8},"end":{"line":12,"column":9}},"type":"if","locations":[{"start":{"line":7,"column":8},"end":{"line":12,"column":9}},{"start":{},"end":{}}],"line":7},"1":{"loc":{"start":{"line":7,"column":12},"end":{"line":7,"column":56}},"type":"binary-expr","locations":[{"start":{"line":7,"column":12},"end":{"line":7,"column":28}},{"start":{"line":7,"column":32},"end":{"line":7,"column":56}}],"line":7}},"s":{"0":0,"1":0,"2":0,"3":0,"4":0,"5":0,"6":0,"7":0,"8":0,"9":0,"10":0,"11":0,"12":0,"13":0,"14":0,"15":0,"16":0,"17":5},"f":{"0":0,"1":0,"2":0,"3":5},"b":{"0":[0,0],"1":[0,0]},"inputSourceMap":null,"_coverageSchema":"1a1c01bbd47fc00a2c39e90264f33305004495a9","hash":"1aa7dd66e98918824257929beb57a994c38826c2"}
,"C:\\Users\\Hello\\OneDrive\\Desktop\\k8s-demo\\dist\\src\\utils\\format.js": {"path":"C:\\Users\\Hello\\OneDrive\\Desktop\\k8s-demo\\dist\\src\\utils\\format.js","statementMap":{"0":{"start":{"line":3,"column":4},"end":{"line":5,"column":5}},"1":{"start":{"line":4,"column":8},"end":{"line":4,"column":35}},"2":{"start":{"line":6,"column":4},"end":{"line":14,"column":5}},"3":{"start":{"line":7,"column":8},"end":{"line":13,"column":24}},"4":{"start":{"line":9,"column":12},"end":{"line":11,"column":13}},"5":{"start":{"line":10,"column":16},"end":{"line":10,"column":50}},"6":{"start":{"line":15,"column":4},"end":{"line":15,"column":41}}},"fnMap":{"0":{"name":"formatValidationErrors","decl":{"start":{"line":2,"column":16},"end":{"line":2,"column":38}},"loc":{"start":{"line":2,"column":47},"end":{"line":16,"column":1}},"line":2},"1":{"name":"(anonymous_1)","decl":{"start":{"line":8,"column":17},"end":{"line":8,"column":18}},"loc":{"start":{"line":8,"column":28},"end":{"line":12,"column":9}},"line":8}},"branchMap":{"0":{"loc":{"start":{"line":3,"column":4},"end":{"line":5,"column":5}},"type":"if","locations":[{"start":{"line":3,"column":4},"end":{"line":5,"column":5}},{"start":{},"end":{}}],"line":3},"1":{"loc":{"start":{"line":3,"column":8},"end":{"line":3,"column":33}},"type":"binary-expr","locations":[{"start":{"line":3,"column":8},"end":{"line":3,"column":15}},{"start":{"line":3,"column":19},"end":{"line":3,"column":33}}],"line":3},"2":{"loc":{"start":{"line":6,"column":4},"end":{"line":14,"column":5}},"type":"if","locations":[{"start":{"line":6,"column":4},"end":{"line":14,"column":5}},{"start":{},"end":{}}],"line":6},"3":{"loc":{"start":{"line":9,"column":12},"end":{"line":11,"column":13}},"type":"if","locations":[{"start":{"line":9,"column":12},"end":{"line":11,"column":13}},{"start":{},"end":{}}],"line":9},"4":{"loc":{"start":{"line":9,"column":16},"end":{"line":9,"column":51}},"type":"binary-expr","locations":[{"start":{"line":9,"column":16},"end":{"line":9,"column":26}},{"start":{"line":9,"column":30},"end":{"line":9,"column":51}}],"line":9}},"s":{"0":0,"1":0,"2":0,"3":0,"4":0,"5":0,"6":0},"f":{"0":0,"1":0},"b":{"0":[0,0],"1":[0,0],"2":[0,0],"3":[0,0],"4":[0,0]},"inputSourceMap":null,"_coverageSchema":"1a1c01bbd47fc00a2c39e90264f33305004495a9","hash":"f9ead0e94e6fdcb154544a07e645afea2f0b1e7b"}
,"C:\\Users\\Hello\\OneDrive\\Desktop\\k8s-demo\\dist\\src\\validations\\auth.validation.js": {"path":"C:\\Users\\Hello\\OneDrive\\Desktop\\k8s-demo\\dist\\src\\validations\\auth.validation.js","statementMap":{"0":{"start":{"line":2,"column":28},"end":{"line":10,"column":2}},"1":{"start":{"line":11,"column":28},"end":{"line":17,"column":2}}},"fnMap":{},"branchMap":{},"s":{"0":1,"1":1},"f":{},"b":{},"inputSourceMap":null,"_coverageSchema":"1a1c01bbd47fc00a2c39e90264f33305004495a9","hash":"35e8609ad174fb0ab6143eb3f9b64eaf21e7ada8"}
,"C:\\Users\\Hello\\OneDrive\\Desktop\\k8s-demo\\src\\config\\logger.ts": {"path":"C:\\Users\\Hello\\OneDrive\\Desktop\\k8s-demo\\src\\config\\logger.ts","statementMap":{"0":{"start":{"line":4,"column":22},"end":{"line":19,"column":2}},"1":{"start":{"line":21,"column":0},"end":{"line":30,"column":1}},"2":{"start":{"line":22,"column":2},"end":{"line":29,"column":4}}},"fnMap":{},"branchMap":{"0":{"loc":{"start":{"line":5,"column":9},"end":{"line":5,"column":40}},"type":"binary-expr","locations":[{"start":{"line":5,"column":9},"end":{"line":5,"column":30}},{"start":{"line":5,"column":34},"end":{"line":5,"column":40}}]},"1":{"loc":{"start":{"line":21,"column":0},"end":{"line":30,"column":1}},"type":"if","locations":[{"start":{"line":21,"column":0},"end":{"line":30,"column":1}},{"start":{},"end":{}}]}},"s":{"0":1,"1":1,"2":1},"f":{},"b":{"0":[1,0],"1":[1,0]}}
,"C:\\Users\\Hello\\OneDrive\\Desktop\\k8s-demo\\src\\controller\\auth.controller.ts": {"path":"C:\\Users\\Hello\\OneDrive\\Desktop\\k8s-demo\\src\\controller\\auth.controller.ts","statementMap":{"0":{"start":{"line":7,"column":2},"end":{"line":25,"column":3}},"1":{"start":{"line":8,"column":28},"end":{"line":8,"column":60}},"2":{"start":{"line":10,"column":4},"end":{"line":15,"column":5}},"3":{"start":{"line":11,"column":6},"end":{"line":14,"column":9}},"4":{"start":{"line":17,"column":34},"end":{"line":17,"column":54}},"5":{"start":{"line":19,"column":4},"end":{"line":19,"column":65}},"6":{"start":{"line":21,"column":4},"end":{"line":21,"column":69}},"7":{"start":{"line":23,"column":4},"end":{"line":23,"column":41}},"8":{"start":{"line":24,"column":4},"end":{"line":24,"column":63}},"9":{"start":{"line":28,"column":2},"end":{"line":33,"column":3}},"10":{"start":{"line":29,"column":4},"end":{"line":29,"column":69}},"11":{"start":{"line":31,"column":4},"end":{"line":31,"column":41}},"12":{"start":{"line":32,"column":4},"end":{"line":32,"column":63}},"13":{"start":{"line":36,"column":2},"end":{"line":41,"column":3}},"14":{"start":{"line":37,"column":4},"end":{"line":37,"column":70}},"15":{"start":{"line":39,"column":4},"end":{"line":39,"column":42}},"16":{"start":{"line":40,"column":4},"end":{"line":40,"column":63}},"17":{"start":{"line":45,"column":2},"end":{"line":45,"column":15}}},"fnMap":{"0":{"name":"signup","decl":{"start":{"line":6,"column":16},"end":{"line":6,"column":22}},"loc":{"start":{"line":6,"column":70},"end":{"line":26,"column":1}}},"1":{"name":"signin","decl":{"start":{"line":27,"column":16},"end":{"line":27,"column":22}},"loc":{"start":{"line":27,"column":70},"end":{"line":34,"column":1}}},"2":{"name":"signout","decl":{"start":{"line":35,"column":16},"end":{"line":35,"column":23}},"loc":{"start":{"line":35,"column":71},"end":{"line":42,"column":1}}},"3":{"name":"sum","decl":{"start":{"line":44,"column":16},"end":{"line":44,"column":19}},"loc":{"start":{"line":44,"column":40},"end":{"line":46,"column":1}}}},"branchMap":{"0":{"loc":{"start":{"line":10,"column":4},"end":{"line":15,"column":5}},"type":"if","locations":[{"start":{"line":10,"column":4},"end":{"line":15,"column":5}},{"start":{},"end":{}}]},"1":{"loc":{"start":{"line":10,"column":8},"end":{"line":10,"column":52}},"type":"binary-expr","locations":[{"start":{"line":10,"column":8},"end":{"line":10,"column":24}},{"start":{"line":10,"column":28},"end":{"line":10,"column":52}}]}},"s":{"0":0,"1":0,"2":0,"3":0,"4":0,"5":0,"6":0,"7":0,"8":0,"9":0,"10":0,"11":0,"12":0,"13":0,"14":0,"15":0,"16":0,"17":5},"f":{"0":0,"1":0,"2":0,"3":5},"b":{"0":[0,0],"1":[0,0]}}
,"C:\\Users\\Hello\\OneDrive\\Desktop\\k8s-demo\\src\\utils\\format.ts": {"path":"C:\\Users\\Hello\\OneDrive\\Desktop\\k8s-demo\\src\\utils\\format.ts","statementMap":{"0":{"start":{"line":3,"column":2},"end":{"line":5,"column":3}},"1":{"start":{"line":4,"column":4},"end":{"line":4,"column":31}},"2":{"start":{"line":7,"column":2},"end":{"line":15,"column":3}},"3":{"start":{"line":8,"column":4},"end":{"line":14,"column":18}},"4":{"start":{"line":10,"column":8},"end":{"line":12,"column":9}},"5":{"start":{"line":11,"column":10},"end":{"line":11,"column":44}},"6":{"start":{"line":17,"column":2},"end":{"line":17,"column":39}}},"fnMap":{"0":{"name":"formatValidationErrors","decl":{"start":{"line":2,"column":16},"end":{"line":2,"column":38}},"loc":{"start":{"line":2,"column":50},"end":{"line":18,"column":1}}},"1":{"name":"(anonymous_1)","decl":{"start":{"line":9,"column":11},"end":{"line":9,"column":12}},"loc":{"start":{"line":9,"column":26},"end":{"line":13,"column":7}}}},"branchMap":{"0":{"loc":{"start":{"line":3,"column":2},"end":{"line":5,"column":3}},"type":"if","locations":[{"start":{"line":3,"column":2},"end":{"line":5,"column":3}},{"start":{},"end":{}}]},"1":{"loc":{"start":{"line":3,"column":6},"end":{"line":3,"column":31}},"type":"binary-expr","locations":[{"start":{"line":3,"column":6},"end":{"line":3,"column":13}},{"start":{"line":3,"column":17},"end":{"line":3,"column":31}}]},"2":{"loc":{"start":{"line":7,"column":2},"end":{"line":15,"column":3}},"type":"if","locations":[{"start":{"line":7,"column":2},"end":{"line":15,"column":3}},{"start":{},"end":{}}]},"3":{"loc":{"start":{"line":10,"column":8},"end":{"line":12,"column":9}},"type":"if","locations":[{"start":{"line":10,"column":8},"end":{"line":12,"column":9}},{"start":{},"end":{}}]},"4":{"loc":{"start":{"line":10,"column":12},"end":{"line":10,"column":47}},"type":"binary-expr","locations":[{"start":{"line":10,"column":12},"end":{"line":10,"column":22}},{"start":{"line":10,"column":26},"end":{"line":10,"column":47}}]}},"s":{"0":0,"1":0,"2":0,"3":0,"4":0,"5":0,"6":0},"f":{"0":0,"1":0},"b":{"0":[0,0],"1":[0,0],"2":[0,0],"3":[0,0],"4":[0,0]}}
,"C:\\Users\\Hello\\OneDrive\\Desktop\\k8s-demo\\src\\validations\\auth.validation.ts": {"path":"C:\\Users\\Hello\\OneDrive\\Desktop\\k8s-demo\\src\\validations\\auth.validation.ts","statementMap":{"0":{"start":{"line":3,"column":28},"end":{"line":11,"column":2}},"1":{"start":{"line":13,"column":28},"end":{"line":19,"column":2}}},"fnMap":{},"branchMap":{},"s":{"0":1,"1":1},"f":{},"b":{}}
}
