TN:
SF:dist\src\config\logger.js
FNF:0
FNH:0
DA:3,1
DA:14,1
DA:15,1
LF:3
LH:3
BRDA:4,0,0,1
BRDA:4,0,1,0
BRDA:14,1,0,1
BRDA:14,1,1,0
BRF:4
BRH:2
end_of_record
TN:
SF:dist\src\controller\auth.controller.js
FN:4,signup
FN:22,signin
FN:31,signout
FN:40,sum
FNF:4
FNH:1
FNDA:0,signup
FNDA:0,signin
FNDA:0,signout
FNDA:5,sum
DA:5,0
DA:6,0
DA:7,0
DA:8,0
DA:13,0
DA:14,0
DA:15,0
DA:18,0
DA:19,0
DA:23,0
DA:24,0
DA:27,0
DA:28,0
DA:32,0
DA:33,0
DA:36,0
DA:37,0
DA:41,5
LF:18
LH:1
BRDA:7,0,0,0
BRDA:7,0,1,0
BRDA:7,1,0,0
BRDA:7,1,1,0
BRF:4
BRH:0
end_of_record
TN:
SF:dist\src\utils\format.js
FN:2,formatValidationErrors
FN:8,(anonymous_1)
FNF:2
FNH:0
FNDA:0,formatValidationErrors
FNDA:0,(anonymous_1)
DA:3,0
DA:4,0
DA:6,0
DA:7,0
DA:9,0
DA:10,0
DA:15,0
LF:7
LH:0
BRDA:3,0,0,0
BRDA:3,0,1,0
BRDA:3,1,0,0
BRDA:3,1,1,0
BRDA:6,2,0,0
BRDA:6,2,1,0
BRDA:9,3,0,0
BRDA:9,3,1,0
BRDA:9,4,0,0
BRDA:9,4,1,0
BRF:10
BRH:0
end_of_record
TN:
SF:dist\src\validations\auth.validation.js
FNF:0
FNH:0
DA:2,1
DA:11,1
LF:2
LH:2
BRF:0
BRH:0
end_of_record
TN:
SF:src\config\logger.ts
FNF:0
FNH:0
DA:4,1
DA:21,1
DA:22,1
LF:3
LH:3
BRDA:5,0,0,1
BRDA:5,0,1,0
BRDA:21,1,0,1
BRDA:21,1,1,0
BRF:4
BRH:2
end_of_record
TN:
SF:src\controller\auth.controller.ts
FN:6,signup
FN:27,signin
FN:35,signout
FN:44,sum
FNF:4
FNH:1
FNDA:0,signup
FNDA:0,signin
FNDA:0,signout
FNDA:5,sum
DA:7,0
DA:8,0
DA:10,0
DA:11,0
DA:17,0
DA:19,0
DA:21,0
DA:23,0
DA:24,0
DA:28,0
DA:29,0
DA:31,0
DA:32,0
DA:36,0
DA:37,0
DA:39,0
DA:40,0
DA:45,5
LF:18
LH:1
BRDA:10,0,0,0
BRDA:10,0,1,0
BRDA:10,1,0,0
BRDA:10,1,1,0
BRF:4
BRH:0
end_of_record
TN:
SF:src\utils\format.ts
FN:2,formatValidationErrors
FN:9,(anonymous_1)
FNF:2
FNH:0
FNDA:0,formatValidationErrors
FNDA:0,(anonymous_1)
DA:3,0
DA:4,0
DA:7,0
DA:8,0
DA:10,0
DA:11,0
DA:17,0
LF:7
LH:0
BRDA:3,0,0,0
BRDA:3,0,1,0
BRDA:3,1,0,0
BRDA:3,1,1,0
BRDA:7,2,0,0
BRDA:7,2,1,0
BRDA:10,3,0,0
BRDA:10,3,1,0
BRDA:10,4,0,0
BRDA:10,4,1,0
BRF:10
BRH:0
end_of_record
TN:
SF:src\validations\auth.validation.ts
FNF:0
FNH:0
DA:3,1
DA:13,1
LF:2
LH:2
BRF:0
BRH:0
end_of_record
